<?xml version="1.0" encoding="UTF-8"?>
<!-- Generated by org.testng.reporters.JUnitXMLReporter -->
<testsuite ignored="0" hostname="LAPTOP-V9RMQIN2" failures="0" tests="4" name="Test_edge" time="31.732" errors="0" timestamp="2022-08-15T12:04:18 IST">
  <testcase classname="Test_3.Test_D_1" name="Test1" time="0.008"/>
  <testcase classname="Test_3.Test_D_1" name="Test2" time="0.009"/>
  <testcase classname="Test_3.Test_D_1" name="Test3" time="0.003"/>
  <testcase classname="Test_3.Test_D_1" name="Test4" time="0.004"/>
</testsuite> <!-- Test_edge -->
