<?xml version="1.0" encoding="UTF-8"?>
<!-- Generated by org.testng.reporters.JUnitXMLReporter -->
<testsuite ignored="1" hostname="LAPTOP-V9RMQIN2" failures="1" tests="12" name="Test" time="52.594" errors="0" timestamp="2022-08-15T10:57:35 IST">
  <testcase classname="Test_2.Test_D_7" name="A" time="0.027">
    <failure type="java.lang.AssertionError" message="expected [true] but found [false]">
      <![CDATA[java.lang.AssertionError: expected [true] but found [false]
at Test_2.Test_D_7.A(Test_D_7.java:11)
at java.base/java.util.ArrayList.forEach(ArrayList.java:1511)
... Removed 29 stack frames]]>
    </failure>
  </testcase> <!-- A -->
  <testcase classname="Test_2.Test_D_7" name="C" time="0.0">
    <skipped/>
  </testcase> <!-- C -->
  <testcase classname="Test_2.Test_D_6" name="A" time="0.002"/>
  <testcase classname="Test_2.Test_D_6" name="A" time="0.003"/>
  <testcase classname="Test_2.Test_D_6" name="A" time="0.002"/>
  <testcase classname="Test_2.Test_D_6" name="B" time="0.008"/>
  <testcase classname="Test_2.Test_D_5" name="Test6" time="0.009"/>
  <testcase classname="Test_2.Test_D_4" name="Test5" time="0.003"/>
  <testcase classname="Test_2.Test_D_3" name="test1" time="0.002"/>
  <testcase classname="Test_2.Test_D_3" name="test2" time="0.004"/>
  <testcase classname="Test_2.Test_D_3" name="test3" time="0.003"/>
  <testcase classname="Test_2.Test_D_3" name="test4" time="0.005"/>
  <testcase classname="Test_2.Test_D_6" name="C" time="0.0">
    <ignored/>
  </testcase> <!-- C -->
</testsuite> <!-- Test -->
